<?xml version="1.0" encoding="UTF-8"?>
<!-- Generated by org.testng.reporters.JUnitReportReporter -->
<testsuite hostname="DESKTOP-OOQ7SLD" failures="0" tests="6" name="com.TestNG.Test.GoogleTest" time="31.428" errors="0" timestamp="30 Jul 2018 21:55:38 GMT" skipped="0">
  <testcase classname="com.TestNG.Test.GoogleTest" name="googleTitleTest" time="5.304"/>
  <testcase classname="com.TestNG.Test.GoogleTest" name="googleMaillinkTest" time="4.909"/>
  <testcase classname="com.TestNG.Test.GoogleTest" name="googleLogoTest" time="5.019"/>
  <testcase classname="com.TestNG.Test.GoogleTest" name="test1" time="6.024"/>
  <testcase classname="com.TestNG.Test.GoogleTest" name="test2" time="5.110"/>
  <testcase classname="com.TestNG.Test.GoogleTest" name="test3" time="5.062"/>
</testsuite> <!-- com.TestNG.Test.GoogleTest -->
