<?xml version="1.0" encoding="UTF-8"?>
<!-- Generated by org.testng.reporters.JUnitReportReporter -->
<testsuite hostname="DESKTOP-OOQ7SLD" failures="0" tests="4" name="com.TestNG.Test.TestNGFeatures" time="0.056" errors="0" timestamp="30 Jul 2018 21:55:38 GMT" skipped="0">
  <testcase classname="com.TestNG.Test.TestNGFeatures" name="RegPageTest" time="0.001"/>
  <testcase classname="com.TestNG.Test.TestNGFeatures" name="HomePageTest" time="0.037"/>
  <testcase classname="com.TestNG.Test.TestNGFeatures" name="loginTest" time="0.017"/>
  <testcase classname="com.TestNG.Test.TestNGFeatures" name="SearchPageTest" time="0.001"/>
</testsuite> <!-- com.TestNG.Test.TestNGFeatures -->
