<?xml version="1.0" encoding="UTF-8"?>
<!-- Generated by org.testng.reporters.JUnitReportReporter -->
<testsuite hostname="DESKTOP-OOQ7SLD" failures="0" tests="10" name="com.TestNG.Test.InvocationCountTest" time="0.030" errors="0" timestamp="30 Jul 2018 21:55:38 GMT" skipped="0">
  <testcase classname="com.TestNG.Test.InvocationCountTest" name="sum" time="0.017"/>
  <testcase classname="com.TestNG.Test.InvocationCountTest" name="sum" time="0.001"/>
  <testcase classname="com.TestNG.Test.InvocationCountTest" name="sum" time="0.001"/>
  <testcase classname="com.TestNG.Test.InvocationCountTest" name="sum" time="0.001"/>
  <testcase classname="com.TestNG.Test.InvocationCountTest" name="sum" time="0.001"/>
  <testcase classname="com.TestNG.Test.InvocationCountTest" name="sum" time="0.001"/>
  <testcase classname="com.TestNG.Test.InvocationCountTest" name="sum" time="0.001"/>
  <testcase classname="com.TestNG.Test.InvocationCountTest" name="sum" time="0.001"/>
  <testcase classname="com.TestNG.Test.InvocationCountTest" name="sum" time="0.005"/>
  <testcase classname="com.TestNG.Test.InvocationCountTest" name="sum" time="0.001"/>
</testsuite> <!-- com.TestNG.Test.InvocationCountTest -->
